{
  message: 'GET: api/v1/',
  level: 'info',
  service: 'user-service',
  timestamp: '2024-03-17 04:54:34'
}
{
  service: 'user-service',
  meta: 123,
  level: 'warn',
  message: 'text warn',
  timestamp: '2024-03-17 04:54:34'
}
{
  message: 'GET: /api/v1/products',
  level: 'info',
  service: 'user-service',
  timestamp: '2024-03-17 04:54:55'
}
{
  service: 'user-service',
  method: 'GET',
  isAuthenticated: false,
  level: 'warn',
  message: 'api/v1/products',
  timestamp: '2024-03-17 04:54:55'
}
{
  service: 'user-service',
  level: 'error',
  message: 'An error log 504 Gateway timeout!!',
  stack: 'Error: 504 Gateway timeout!!\n' +
    '    at /src/app.js:38:32\n' +
    '    at Layer.handle [as handle_request] (/src/node_modules/express/lib/router/layer.js:95:5)\n' +
    '    at next (/src/node_modules/express/lib/router/route.js:149:13)\n' +
    '    at Route.dispatch (/src/node_modules/express/lib/router/route.js:119:3)\n' +
    '    at Layer.handle [as handle_request] (/src/node_modules/express/lib/router/layer.js:95:5)\n' +
    '    at /src/node_modules/express/lib/router/index.js:284:15\n' +
    '    at Function.process_params (/src/node_modules/express/lib/router/index.js:346:12)\n' +
    '    at next (/src/node_modules/express/lib/router/index.js:280:10)\n' +
    '    at expressInit (/src/node_modules/express/lib/middleware/init.js:40:5)\n' +
    '    at Layer.handle [as handle_request] (/src/node_modules/express/lib/router/layer.js:95:5)',
  timestamp: '2024-03-17 04:55:42'
}
{
  message: 'GET: api/v1/',
  level: 'info',
  service: 'user-service',
  timestamp: '2024-03-17 04:55:54'
}
{
  service: 'user-service',
  meta: 123,
  level: 'warn',
  message: 'text warn',
  timestamp: '2024-03-17 04:55:54'
}
{
  message: 'GET: api/v1/',
  level: 'info',
  service: 'user-service',
  timestamp: '2024-03-17 05:01:02'
}
{
  service: 'user-service',
  meta: 123,
  level: 'warn',
  message: 'text warn',
  timestamp: '2024-03-17 05:01:02'
}
{
  message: 'GET: api/v1/',
  level: 'info',
  service: 'user-service',
  timestamp: '2024-03-17 05:02:20'
}
{
  service: 'user-service',
  meta: 123,
  level: 'warn',
  message: 'text warn',
  timestamp: '2024-03-17 05:02:20'
}
{
  message: 'GET: /api/v1/products',
  level: 'info',
  service: 'user-service',
  timestamp: '2024-03-17 05:03:25'
}
{
  service: 'user-service',
  method: 'GET',
  isAuthenticated: false,
  level: 'warn',
  message: 'api/v1/products',
  timestamp: '2024-03-17 05:03:25'
}
